This is pdfTeX, Version 3.14159265-2.6-1.40.21 (MiKTeX 2.9.7300 64-bit) (preloaded format=pdflatex 2020.3.16)  21 APR 2020 15:27
entering extended mode
**./MPABasicsPlusEquations.tex
(MPABasicsPlusEquations.tex
LaTeX2e <2020-02-02> patch level 2
L3 programming layer <2020-02-14>
("C:\Users\dmg2\AppData\Local\Programs\MiKTeX 2.9\tex/latex/base\article.cls"
Document Class: article 2019/12/20 v1.4l Standard LaTeX document class
("C:\Users\dmg2\AppData\Local\Programs\MiKTeX 2.9\tex/latex/base\size12.clo"
File: size12.clo 2019/12/20 v1.4l Standard LaTeX file (size option)
)
\c@part=\count167
\c@section=\count168
\c@subsection=\count169
\c@subsubsection=\count170
\c@paragraph=\count171
\c@subparagraph=\count172
\c@figure=\count173
\c@table=\count174
\abovecaptionskip=\skip47
\belowcaptionskip=\skip48
\bibindent=\dimen134
)
("C:\Users\dmg2\AppData\Local\Programs\MiKTeX 2.9\tex/latex/base\inputenc.sty"
Package: inputenc 2018/08/11 v1.3c Input encoding file
\inpenc@prehook=\toks14
\inpenc@posthook=\toks15
)
("C:\Users\dmg2\AppData\Local\Programs\MiKTeX 2.9\tex/latex/pgf/frontendlayer\t
ikz.sty"
("C:\Users\dmg2\AppData\Local\Programs\MiKTeX 2.9\tex/latex/pgf/basiclayer\pgf.
sty"
("C:\Users\dmg2\AppData\Local\Programs\MiKTeX 2.9\tex/latex/pgf/utilities\pgfrc
s.sty"
("C:\Users\dmg2\AppData\Local\Programs\MiKTeX 2.9\tex/generic/pgf/utilities\pgf
util-common.tex"
\pgfutil@everybye=\toks16
\pgfutil@tempdima=\dimen135
\pgfutil@tempdimb=\dimen136

("C:\Users\dmg2\AppData\Local\Programs\MiKTeX 2.9\tex/generic/pgf/utilities\pgf
util-common-lists.tex"))
("C:\Users\dmg2\AppData\Local\Programs\MiKTeX 2.9\tex/generic/pgf/utilities\pgf
util-latex.def"
\pgfutil@abb=\box45

("C:\Users\dmg2\AppData\Local\Programs\MiKTeX 2.9\tex/latex/ms\everyshi.sty"
Package: everyshi 2001/05/15 v3.00 EveryShipout Package (MS)
))
("C:\Users\dmg2\AppData\Local\Programs\MiKTeX 2.9\tex/generic/pgf/utilities\pgf
rcs.code.tex"
("C:\Users\dmg2\AppData\Local\Programs\MiKTeX 2.9\tex/generic/pgf\pgf.revision.
tex")
Package: pgfrcs 2020/01/08 v3.1.5b (3.1.5b)
))
Package: pgf 2020/01/08 v3.1.5b (3.1.5b)

("C:\Users\dmg2\AppData\Local\Programs\MiKTeX 2.9\tex/latex/pgf/basiclayer\pgfc
ore.sty"
("C:\Users\dmg2\AppData\Local\Programs\MiKTeX 2.9\tex/latex/graphics\graphicx.s
ty"
Package: graphicx 2019/11/30 v1.2a Enhanced LaTeX Graphics (DPC,SPQR)

("C:\Users\dmg2\AppData\Local\Programs\MiKTeX 2.9\tex/latex/graphics\keyval.sty
"
Package: keyval 2014/10/28 v1.15 key=value parser (DPC)
\KV@toks@=\toks17
)
("C:\Users\dmg2\AppData\Local\Programs\MiKTeX 2.9\tex/latex/graphics\graphics.s
ty"
Package: graphics 2019/11/30 v1.4a Standard LaTeX Graphics (DPC,SPQR)

("C:\Users\dmg2\AppData\Local\Programs\MiKTeX 2.9\tex/latex/graphics\trig.sty"
Package: trig 2016/01/03 v1.10 sin cos tan (DPC)
)
("C:\Users\dmg2\AppData\Local\Programs\MiKTeX 2.9\tex/latex/graphics-cfg\graphi
cs.cfg"
File: graphics.cfg 2016/06/04 v1.11 sample graphics configuration
)
Package graphics Info: Driver file: pdftex.def on input line 105.

("C:\Users\dmg2\AppData\Local\Programs\MiKTeX 2.9\tex/latex/graphics-def\pdftex
.def"
File: pdftex.def 2018/01/08 v1.0l Graphics/color driver for pdftex
))
\Gin@req@height=\dimen137
\Gin@req@width=\dimen138
)
("C:\Users\dmg2\AppData\Local\Programs\MiKTeX 2.9\tex/latex/pgf/systemlayer\pgf
sys.sty"
("C:\Users\dmg2\AppData\Local\Programs\MiKTeX 2.9\tex/generic/pgf/systemlayer\p
gfsys.code.tex"
Package: pgfsys 2020/01/08 v3.1.5b (3.1.5b)

("C:\Users\dmg2\AppData\Local\Programs\MiKTeX 2.9\tex/generic/pgf/utilities\pgf
keys.code.tex"
\pgfkeys@pathtoks=\toks18
\pgfkeys@temptoks=\toks19

("C:\Users\dmg2\AppData\Local\Programs\MiKTeX 2.9\tex/generic/pgf/utilities\pgf
keysfiltered.code.tex"
\pgfkeys@tmptoks=\toks20
))
\pgf@x=\dimen139
\pgf@y=\dimen140
\pgf@xa=\dimen141
\pgf@ya=\dimen142
\pgf@xb=\dimen143
\pgf@yb=\dimen144
\pgf@xc=\dimen145
\pgf@yc=\dimen146
\pgf@xd=\dimen147
\pgf@yd=\dimen148
\w@pgf@writea=\write3
\r@pgf@reada=\read2
\c@pgf@counta=\count175
\c@pgf@countb=\count176
\c@pgf@countc=\count177
\c@pgf@countd=\count178
\t@pgf@toka=\toks21
\t@pgf@tokb=\toks22
\t@pgf@tokc=\toks23
\pgf@sys@id@count=\count179

("C:\Users\dmg2\AppData\Local\Programs\MiKTeX 2.9\tex/generic/pgf/systemlayer\p
gf.cfg"
File: pgf.cfg 2020/01/08 v3.1.5b (3.1.5b)
)
Driver file for pgf: pgfsys-pdftex.def

("C:\Users\dmg2\AppData\Local\Programs\MiKTeX 2.9\tex/generic/pgf/systemlayer\p
gfsys-pdftex.def"
File: pgfsys-pdftex.def 2020/01/08 v3.1.5b (3.1.5b)

("C:\Users\dmg2\AppData\Local\Programs\MiKTeX 2.9\tex/generic/pgf/systemlayer\p
gfsys-common-pdf.def"
File: pgfsys-common-pdf.def 2020/01/08 v3.1.5b (3.1.5b)
)))
("C:\Users\dmg2\AppData\Local\Programs\MiKTeX 2.9\tex/generic/pgf/systemlayer\p
gfsyssoftpath.code.tex"
File: pgfsyssoftpath.code.tex 2020/01/08 v3.1.5b (3.1.5b)
\pgfsyssoftpath@smallbuffer@items=\count180
\pgfsyssoftpath@bigbuffer@items=\count181
)
("C:\Users\dmg2\AppData\Local\Programs\MiKTeX 2.9\tex/generic/pgf/systemlayer\p
gfsysprotocol.code.tex"
File: pgfsysprotocol.code.tex 2020/01/08 v3.1.5b (3.1.5b)
))
("C:\Users\dmg2\AppData\Local\Programs\MiKTeX 2.9\tex/latex/xcolor\xcolor.sty"
Package: xcolor 2016/05/11 v2.12 LaTeX color extensions (UK)

("C:\Users\dmg2\AppData\Local\Programs\MiKTeX 2.9\tex/latex/graphics-cfg\color.
cfg"
File: color.cfg 2016/01/02 v1.6 sample color configuration
)
Package xcolor Info: Driver file: pdftex.def on input line 225.
Package xcolor Info: Model `cmy' substituted by `cmy0' on input line 1348.
Package xcolor Info: Model `hsb' substituted by `rgb' on input line 1352.
Package xcolor Info: Model `RGB' extended on input line 1364.
Package xcolor Info: Model `HTML' substituted by `rgb' on input line 1366.
Package xcolor Info: Model `Hsb' substituted by `hsb' on input line 1367.
Package xcolor Info: Model `tHsb' substituted by `hsb' on input line 1368.
Package xcolor Info: Model `HSB' substituted by `hsb' on input line 1369.
Package xcolor Info: Model `Gray' substituted by `gray' on input line 1370.
Package xcolor Info: Model `wave' substituted by `hsb' on input line 1371.
)
("C:\Users\dmg2\AppData\Local\Programs\MiKTeX 2.9\tex/generic/pgf/basiclayer\pg
fcore.code.tex"
Package: pgfcore 2020/01/08 v3.1.5b (3.1.5b)

("C:\Users\dmg2\AppData\Local\Programs\MiKTeX 2.9\tex/generic/pgf/math\pgfmath.
code.tex"
("C:\Users\dmg2\AppData\Local\Programs\MiKTeX 2.9\tex/generic/pgf/math\pgfmathc
alc.code.tex"
("C:\Users\dmg2\AppData\Local\Programs\MiKTeX 2.9\tex/generic/pgf/math\pgfmathu
til.code.tex")
("C:\Users\dmg2\AppData\Local\Programs\MiKTeX 2.9\tex/generic/pgf/math\pgfmathp
arser.code.tex"
\pgfmath@dimen=\dimen149
\pgfmath@count=\count182
\pgfmath@box=\box46
\pgfmath@toks=\toks24
\pgfmath@stack@operand=\toks25
\pgfmath@stack@operation=\toks26
)
("C:\Users\dmg2\AppData\Local\Programs\MiKTeX 2.9\tex/generic/pgf/math\pgfmathf
unctions.code.tex"
("C:\Users\dmg2\AppData\Local\Programs\MiKTeX 2.9\tex/generic/pgf/math\pgfmathf
unctions.basic.code.tex")
("C:\Users\dmg2\AppData\Local\Programs\MiKTeX 2.9\tex/generic/pgf/math\pgfmathf
unctions.trigonometric.code.tex")
("C:\Users\dmg2\AppData\Local\Programs\MiKTeX 2.9\tex/generic/pgf/math\pgfmathf
unctions.random.code.tex")
("C:\Users\dmg2\AppData\Local\Programs\MiKTeX 2.9\tex/generic/pgf/math\pgfmathf
unctions.comparison.code.tex")
("C:\Users\dmg2\AppData\Local\Programs\MiKTeX 2.9\tex/generic/pgf/math\pgfmathf
unctions.base.code.tex")
("C:\Users\dmg2\AppData\Local\Programs\MiKTeX 2.9\tex/generic/pgf/math\pgfmathf
unctions.round.code.tex")
("C:\Users\dmg2\AppData\Local\Programs\MiKTeX 2.9\tex/generic/pgf/math\pgfmathf
unctions.misc.code.tex")
("C:\Users\dmg2\AppData\Local\Programs\MiKTeX 2.9\tex/generic/pgf/math\pgfmathf
unctions.integerarithmetics.code.tex")))
("C:\Users\dmg2\AppData\Local\Programs\MiKTeX 2.9\tex/generic/pgf/math\pgfmathf
loat.code.tex"
\c@pgfmathroundto@lastzeros=\count183
))
("C:\Users\dmg2\AppData\Local\Programs\MiKTeX 2.9\tex/generic/pgf/math\pgfint.c
ode.tex")
("C:\Users\dmg2\AppData\Local\Programs\MiKTeX 2.9\tex/generic/pgf/basiclayer\pg
fcorepoints.code.tex"
File: pgfcorepoints.code.tex 2020/01/08 v3.1.5b (3.1.5b)
\pgf@picminx=\dimen150
\pgf@picmaxx=\dimen151
\pgf@picminy=\dimen152
\pgf@picmaxy=\dimen153
\pgf@pathminx=\dimen154
\pgf@pathmaxx=\dimen155
\pgf@pathminy=\dimen156
\pgf@pathmaxy=\dimen157
\pgf@xx=\dimen158
\pgf@xy=\dimen159
\pgf@yx=\dimen160
\pgf@yy=\dimen161
\pgf@zx=\dimen162
\pgf@zy=\dimen163
)
("C:\Users\dmg2\AppData\Local\Programs\MiKTeX 2.9\tex/generic/pgf/basiclayer\pg
fcorepathconstruct.code.tex"
File: pgfcorepathconstruct.code.tex 2020/01/08 v3.1.5b (3.1.5b)
\pgf@path@lastx=\dimen164
\pgf@path@lasty=\dimen165
)
("C:\Users\dmg2\AppData\Local\Programs\MiKTeX 2.9\tex/generic/pgf/basiclayer\pg
fcorepathusage.code.tex"
File: pgfcorepathusage.code.tex 2020/01/08 v3.1.5b (3.1.5b)
\pgf@shorten@end@additional=\dimen166
\pgf@shorten@start@additional=\dimen167
)
("C:\Users\dmg2\AppData\Local\Programs\MiKTeX 2.9\tex/generic/pgf/basiclayer\pg
fcorescopes.code.tex"
File: pgfcorescopes.code.tex 2020/01/08 v3.1.5b (3.1.5b)
\pgfpic=\box47
\pgf@hbox=\box48
\pgf@layerbox@main=\box49
\pgf@picture@serial@count=\count184
)
("C:\Users\dmg2\AppData\Local\Programs\MiKTeX 2.9\tex/generic/pgf/basiclayer\pg
fcoregraphicstate.code.tex"
File: pgfcoregraphicstate.code.tex 2020/01/08 v3.1.5b (3.1.5b)
\pgflinewidth=\dimen168
)
("C:\Users\dmg2\AppData\Local\Programs\MiKTeX 2.9\tex/generic/pgf/basiclayer\pg
fcoretransformations.code.tex"
File: pgfcoretransformations.code.tex 2020/01/08 v3.1.5b (3.1.5b)
\pgf@pt@x=\dimen169
\pgf@pt@y=\dimen170
\pgf@pt@temp=\dimen171
)
("C:\Users\dmg2\AppData\Local\Programs\MiKTeX 2.9\tex/generic/pgf/basiclayer\pg
fcorequick.code.tex"
File: pgfcorequick.code.tex 2020/01/08 v3.1.5b (3.1.5b)
)
("C:\Users\dmg2\AppData\Local\Programs\MiKTeX 2.9\tex/generic/pgf/basiclayer\pg
fcoreobjects.code.tex"
File: pgfcoreobjects.code.tex 2020/01/08 v3.1.5b (3.1.5b)
)
("C:\Users\dmg2\AppData\Local\Programs\MiKTeX 2.9\tex/generic/pgf/basiclayer\pg
fcorepathprocessing.code.tex"
File: pgfcorepathprocessing.code.tex 2020/01/08 v3.1.5b (3.1.5b)
)
("C:\Users\dmg2\AppData\Local\Programs\MiKTeX 2.9\tex/generic/pgf/basiclayer\pg
fcorearrows.code.tex"
File: pgfcorearrows.code.tex 2020/01/08 v3.1.5b (3.1.5b)
\pgfarrowsep=\dimen172
)
("C:\Users\dmg2\AppData\Local\Programs\MiKTeX 2.9\tex/generic/pgf/basiclayer\pg
fcoreshade.code.tex"
File: pgfcoreshade.code.tex 2020/01/08 v3.1.5b (3.1.5b)
\pgf@max=\dimen173
\pgf@sys@shading@range@num=\count185
\pgf@shadingcount=\count186
)
("C:\Users\dmg2\AppData\Local\Programs\MiKTeX 2.9\tex/generic/pgf/basiclayer\pg
fcoreimage.code.tex"
File: pgfcoreimage.code.tex 2020/01/08 v3.1.5b (3.1.5b)

("C:\Users\dmg2\AppData\Local\Programs\MiKTeX 2.9\tex/generic/pgf/basiclayer\pg
fcoreexternal.code.tex"
File: pgfcoreexternal.code.tex 2020/01/08 v3.1.5b (3.1.5b)
\pgfexternal@startupbox=\box50
))
("C:\Users\dmg2\AppData\Local\Programs\MiKTeX 2.9\tex/generic/pgf/basiclayer\pg
fcorelayers.code.tex"
File: pgfcorelayers.code.tex 2020/01/08 v3.1.5b (3.1.5b)
)
("C:\Users\dmg2\AppData\Local\Programs\MiKTeX 2.9\tex/generic/pgf/basiclayer\pg
fcoretransparency.code.tex"
File: pgfcoretransparency.code.tex 2020/01/08 v3.1.5b (3.1.5b)
)
("C:\Users\dmg2\AppData\Local\Programs\MiKTeX 2.9\tex/generic/pgf/basiclayer\pg
fcorepatterns.code.tex"
File: pgfcorepatterns.code.tex 2020/01/08 v3.1.5b (3.1.5b)
)
("C:\Users\dmg2\AppData\Local\Programs\MiKTeX 2.9\tex/generic/pgf/basiclayer\pg
fcorerdf.code.tex"
File: pgfcorerdf.code.tex 2020/01/08 v3.1.5b (3.1.5b)
)))
("C:\Users\dmg2\AppData\Local\Programs\MiKTeX 2.9\tex/generic/pgf/modules\pgfmo
duleshapes.code.tex"
File: pgfmoduleshapes.code.tex 2020/01/08 v3.1.5b (3.1.5b)
\pgfnodeparttextbox=\box51
)
("C:\Users\dmg2\AppData\Local\Programs\MiKTeX 2.9\tex/generic/pgf/modules\pgfmo
duleplot.code.tex"
File: pgfmoduleplot.code.tex 2020/01/08 v3.1.5b (3.1.5b)
)
("C:\Users\dmg2\AppData\Local\Programs\MiKTeX 2.9\tex/latex/pgf/compatibility\p
gfcomp-version-0-65.sty"
Package: pgfcomp-version-0-65 2020/01/08 v3.1.5b (3.1.5b)
\pgf@nodesepstart=\dimen174
\pgf@nodesepend=\dimen175
)
("C:\Users\dmg2\AppData\Local\Programs\MiKTeX 2.9\tex/latex/pgf/compatibility\p
gfcomp-version-1-18.sty"
Package: pgfcomp-version-1-18 2020/01/08 v3.1.5b (3.1.5b)
))
("C:\Users\dmg2\AppData\Local\Programs\MiKTeX 2.9\tex/latex/pgf/utilities\pgffo
r.sty"
("C:\Users\dmg2\AppData\Local\Programs\MiKTeX 2.9\tex/latex/pgf/utilities\pgfke
ys.sty"
("C:\Users\dmg2\AppData\Local\Programs\MiKTeX 2.9\tex/generic/pgf/utilities\pgf
keys.code.tex"))
("C:\Users\dmg2\AppData\Local\Programs\MiKTeX 2.9\tex/latex/pgf/math\pgfmath.st
y"
("C:\Users\dmg2\AppData\Local\Programs\MiKTeX 2.9\tex/generic/pgf/math\pgfmath.
code.tex"))
("C:\Users\dmg2\AppData\Local\Programs\MiKTeX 2.9\tex/generic/pgf/utilities\pgf
for.code.tex"
Package: pgffor 2020/01/08 v3.1.5b (3.1.5b)

("C:\Users\dmg2\AppData\Local\Programs\MiKTeX 2.9\tex/generic/pgf/math\pgfmath.
code.tex")
\pgffor@iter=\dimen176
\pgffor@skip=\dimen177
\pgffor@stack=\toks27
\pgffor@toks=\toks28
))
("C:\Users\dmg2\AppData\Local\Programs\MiKTeX 2.9\tex/generic/pgf/frontendlayer
/tikz\tikz.code.tex"
Package: tikz 2020/01/08 v3.1.5b (3.1.5b)

("C:\Users\dmg2\AppData\Local\Programs\MiKTeX 2.9\tex/generic/pgf/libraries\pgf
libraryplothandlers.code.tex"
File: pgflibraryplothandlers.code.tex 2020/01/08 v3.1.5b (3.1.5b)
\pgf@plot@mark@count=\count187
\pgfplotmarksize=\dimen178
)
\tikz@lastx=\dimen179
\tikz@lasty=\dimen180
\tikz@lastxsaved=\dimen181
\tikz@lastysaved=\dimen182
\tikz@lastmovetox=\dimen183
\tikz@lastmovetoy=\dimen184
\tikzleveldistance=\dimen185
\tikzsiblingdistance=\dimen186
\tikz@figbox=\box52
\tikz@figbox@bg=\box53
\tikz@tempbox=\box54
\tikz@tempbox@bg=\box55
\tikztreelevel=\count188
\tikznumberofchildren=\count189
\tikznumberofcurrentchild=\count190
\tikz@fig@count=\count191

("C:\Users\dmg2\AppData\Local\Programs\MiKTeX 2.9\tex/generic/pgf/modules\pgfmo
dulematrix.code.tex"
File: pgfmodulematrix.code.tex 2020/01/08 v3.1.5b (3.1.5b)
\pgfmatrixcurrentrow=\count192
\pgfmatrixcurrentcolumn=\count193
\pgf@matrix@numberofcolumns=\count194
)
\tikz@expandcount=\count195

("C:\Users\dmg2\AppData\Local\Programs\MiKTeX 2.9\tex/generic/pgf/frontendlayer
/tikz/libraries\tikzlibrarytopaths.code.tex"
File: tikzlibrarytopaths.code.tex 2020/01/08 v3.1.5b (3.1.5b)
)))
("C:\Users\dmg2\AppData\Local\Programs\MiKTeX 2.9\tex/generic/pgf/frontendlayer
/tikz/libraries\tikzlibraryarrows.code.tex"
File: tikzlibraryarrows.code.tex 2020/01/08 v3.1.5b (3.1.5b)

("C:\Users\dmg2\AppData\Local\Programs\MiKTeX 2.9\tex/generic/pgf/libraries\pgf
libraryarrows.code.tex"
File: pgflibraryarrows.code.tex 2020/01/08 v3.1.5b (3.1.5b)
\arrowsize=\dimen187
))
("C:\Users\dmg2\AppData\Local\Programs\MiKTeX 2.9\tex/generic/pgf/libraries\pgf
libraryarrows.meta.code.tex"
File: pgflibraryarrows.meta.code.tex 2020/01/08 v3.1.5b (3.1.5b)
\pgfarrowinset=\dimen188
\pgfarrowlength=\dimen189
\pgfarrowwidth=\dimen190
\pgfarrowlinewidth=\dimen191
)
("C:\Users\dmg2\AppData\Local\Programs\MiKTeX 2.9\tex/generic/pgf/frontendlayer
/tikz/libraries\tikzlibrarypositioning.code.tex"
File: tikzlibrarypositioning.code.tex 2020/01/08 v3.1.5b (3.1.5b)
)
("C:\Users\dmg2\AppData\Local\Programs\MiKTeX 2.9\tex/generic/pgf/frontendlayer
/tikz/libraries\tikzlibrarypatterns.code.tex"
File: tikzlibrarypatterns.code.tex 2020/01/08 v3.1.5b (3.1.5b)

("C:\Users\dmg2\AppData\Local\Programs\MiKTeX 2.9\tex/generic/pgf/libraries\pgf
librarypatterns.code.tex"
File: pgflibrarypatterns.code.tex 2020/01/08 v3.1.5b (3.1.5b)
))
("C:\Users\dmg2\AppData\Local\Programs\MiKTeX 2.9\tex/latex/tools\verbatim.sty"
Package: verbatim 2019/11/10 v1.5r LaTeX2e package for verbatim enhancements
\every@verbatim=\toks29
\verbatim@line=\toks30
\verbatim@in@stream=\read3
)
("C:\Users\dmg2\AppData\Local\Programs\MiKTeX 2.9\tex/latex/amsmath\amsmath.sty
"
Package: amsmath 2020/01/20 v2.17e AMS math features
\@mathmargin=\skip49

For additional information on amsmath, use the `?' option.
("C:\Users\dmg2\AppData\Local\Programs\MiKTeX 2.9\tex/latex/amsmath\amstext.sty
"
Package: amstext 2000/06/29 v2.01 AMS text
 ("C:\Users\dmg2\AppData\Local\Programs\MiKTeX 2.9\tex/latex/amsmath\amsgen.sty
"
File: amsgen.sty 1999/11/30 v2.0 generic functions
\@emptytoks=\toks31
\ex@=\dimen192
))
("C:\Users\dmg2\AppData\Local\Programs\MiKTeX 2.9\tex/latex/amsmath\amsbsy.sty"
Package: amsbsy 1999/11/29 v1.2d Bold Symbols
\pmbraise@=\dimen193
) ("C:\Users\dmg2\AppData\Local\Programs\MiKTeX 2.9\tex/latex/amsmath\amsopn.st
y"
Package: amsopn 2016/03/08 v2.02 operator names
)
\inf@bad=\count196
LaTeX Info: Redefining \frac on input line 227.
\uproot@=\count197
\leftroot@=\count198
LaTeX Info: Redefining \overline on input line 389.
\classnum@=\count199
\DOTSCASE@=\count266
LaTeX Info: Redefining \ldots on input line 486.
LaTeX Info: Redefining \dots on input line 489.
LaTeX Info: Redefining \cdots on input line 610.
\Mathstrutbox@=\box56
\strutbox@=\box57
\big@size=\dimen194
LaTeX Font Info:    Redeclaring font encoding OML on input line 733.
LaTeX Font Info:    Redeclaring font encoding OMS on input line 734.
\macc@depth=\count267
\c@MaxMatrixCols=\count268
\dotsspace@=\muskip16
\c@parentequation=\count269
\dspbrk@lvl=\count270
\tag@help=\toks32
\row@=\count271
\column@=\count272
\maxfields@=\count273
\andhelp@=\toks33
\eqnshift@=\dimen195
\alignsep@=\dimen196
\tagshift@=\dimen197
\tagwidth@=\dimen198
\totwidth@=\dimen199
\lineht@=\dimen256
\@envbody=\toks34
\multlinegap=\skip50
\multlinetaggap=\skip51
\mathdisplay@stack=\toks35
LaTeX Info: Redefining \[ on input line 2859.
LaTeX Info: Redefining \] on input line 2860.
)
("C:\Users\dmg2\AppData\Local\Programs\MiKTeX 2.9\tex/latex/siunitx\siunitx.sty
" ("C:\Users\dmg2\AppData\Local\Programs\MiKTeX 2.9\tex/latex/l3kernel\expl3.st
y"
Package: expl3 2020-02-14 L3 programming layer (loader) 

("C:\Users\dmg2\AppData\Local\Programs\MiKTeX 2.9\tex/latex/l3backend\l3backend
-pdfmode.def"
File: l3backend-pdfmode.def 2020-02-03 L3 backend support: PDF mode
\l__kernel_color_stack_int=\count274
\l__pdf_internal_box=\box58
))
("C:\Users\dmg2\AppData\Local\Programs\MiKTeX 2.9\tex/latex/l3packages/xparse\x
parse.sty"
Package: xparse 2020-02-14 L3 Experimental document command parser
\l__xparse_current_arg_int=\count275
\g__xparse_grabber_int=\count276
\l__xparse_m_args_int=\count277
\l__xparse_v_nesting_int=\count278
)
Package: siunitx 2020/02/25 v2.8b A comprehensive (SI) units package

("C:\Users\dmg2\AppData\Local\Programs\MiKTeX 2.9\tex/latex/tools\array.sty"
Package: array 2019/08/31 v2.4l Tabular extension package (FMi)
\col@sep=\dimen257
\ar@mcellbox=\box59
\extrarowheight=\dimen258
\NC@list=\toks36
\extratabsurround=\skip52
\backup@length=\skip53
\ar@cellbox=\box60
)
("C:\Users\dmg2\AppData\Local\Programs\MiKTeX 2.9\tex/latex/l3packages/l3keys2e
\l3keys2e.sty"
Package: l3keys2e 2020-02-14 LaTeX2e option processing using LaTeX3 keys
)
\l__siunitx_tmp_box=\box61
\l__siunitx_tmp_dim=\dimen259
\l__siunitx_tmp_int=\count279
\l__siunitx_number_mantissa_length_int=\count280
\l__siunitx_number_uncert_length_int=\count281
\l__siunitx_round_int=\count282
\l__siunitx_process_decimal_int=\count283
\l__siunitx_process_uncertainty_int=\count284
\l__siunitx_process_fixed_int=\count285
\l__siunitx_process_integer_min_int=\count286
\l__siunitx_process_precision_int=\count287
\l__siunitx_group_min_int=\count288
\l__siunitx_angle_marker_box=\box62
\l__siunitx_angle_unit_box=\box63
\l__siunitx_angle_marker_dim=\dimen260
\l__siunitx_angle_unit_dim=\dimen261
\l__siunitx_unit_int=\count289
\l__siunitx_unit_denominator_int=\count290
\l__siunitx_unit_numerator_int=\count291
\l__siunitx_unit_prefix_int=\count292
\l__siunitx_unit_prefix_base_int=\count293
\l__siunitx_unit_prefix_gram_int=\count294
\l__siunitx_number_product_int=\count295
\c__siunitx_one_fill_skip=\skip54
\l__siunitx_table_unit_align_skip=\skip55
\l__siunitx_table_exponent_dim=\dimen262
\l__siunitx_table_integer_dim=\dimen263
\l__siunitx_table_mantissa_dim=\dimen264
\l__siunitx_table_marker_dim=\dimen265
\l__siunitx_table_result_dim=\dimen266
\l__siunitx_table_uncert_dim=\dimen267
\l__siunitx_table_fill_pre_dim=\dimen268
\l__siunitx_table_fill_post_dim=\dimen269
\l__siunitx_table_fill_mid_dim=\dimen270
\l__siunitx_table_pre_box=\box64
\l__siunitx_table_post_box=\box65
\l__siunitx_table_mantissa_box=\box66
\l__siunitx_table_result_box=\box67
\l__siunitx_table_number_align_skip=\skip56
\l__siunitx_table_text_align_skip=\skip57

("C:\Users\dmg2\AppData\Local\Programs\MiKTeX 2.9\tex/latex/translator\translat
or.sty"
Package: translator 2019-05-31 v1.12a Easy translation of strings in LaTeX
)) (MPABasicsPlusEquations.aux)
\openout1 = `MPABasicsPlusEquations.aux'.

LaTeX Font Info:    Checking defaults for OML/cmm/m/it on input line 29.
LaTeX Font Info:    ... okay on input line 29.
LaTeX Font Info:    Checking defaults for OMS/cmsy/m/n on input line 29.
LaTeX Font Info:    ... okay on input line 29.
LaTeX Font Info:    Checking defaults for OT1/cmr/m/n on input line 29.
LaTeX Font Info:    ... okay on input line 29.
LaTeX Font Info:    Checking defaults for T1/cmr/m/n on input line 29.
LaTeX Font Info:    ... okay on input line 29.
LaTeX Font Info:    Checking defaults for TS1/cmr/m/n on input line 29.
LaTeX Font Info:    ... okay on input line 29.
LaTeX Font Info:    Checking defaults for OMX/cmex/m/n on input line 29.
LaTeX Font Info:    ... okay on input line 29.
LaTeX Font Info:    Checking defaults for U/cmr/m/n on input line 29.
LaTeX Font Info:    ... okay on input line 29.
 ABD: EveryShipout initializing macros
("C:\Users\dmg2\AppData\Local\Programs\MiKTeX 2.9\tex/context/base/mkii\supp-pd
f.mkii"
[Loading MPS to PDF converter (version 2006.09.02).]
\scratchcounter=\count296
\scratchdimen=\dimen271
\scratchbox=\box68
\nofMPsegments=\count297
\nofMParguments=\count298
\everyMPshowfont=\toks37
\MPscratchCnt=\count299
\MPscratchDim=\dimen272
\MPnumerator=\count300
\makeMPintoPDFobject=\count301
\everyMPtoPDFconversion=\toks38
)
("C:\Users\dmg2\AppData\Local\Programs\MiKTeX 2.9\tex/latex/epstopdf-pkg\epstop
df-base.sty"
Package: epstopdf-base 2020-01-24 v2.11 Base part for package epstopdf
Package epstopdf-base Info: Redefining graphics rule for `.eps' on input line 4
85.
)
("C:\Users\dmg2\AppData\Local\Programs\MiKTeX 2.9\tex/latex/translator\translat
or-basic-dictionary-English.dict"
Dictionary: translator-basic-dictionary, Language: English 
)
("C:\Users\dmg2\AppData\Local\Programs\MiKTeX 2.9\tex/latex/siunitx\siunitx-abb
reviations.cfg"
File: siunitx-abbreviations.cfg 2017/11/26 v2.7k siunitx: Abbreviated units
) [1

{C:/Users/dmg2/AppData/Local/MiKTeX/2.9/pdftex/config/pdftex.map}] [2]
Underfull \hbox (badness 10000) in paragraph at lines 98--101
\OT1/cmr/m/n/12 num-ber.
 []


Underfull \hbox (badness 10000) in paragraph at lines 105--110
\OT1/cmr/m/n/12 scribe a vec-tor.
 []

[3

] [4]
Overfull \hbox (11.51816pt too wide) in paragraph at lines 261--262
[][] 
 []

[5] [6] [7] [8]
Overfull \hbox (2.98923pt too wide) in paragraph at lines 343--343
[]\OT1/cmr/bx/n/17.28 MOTION IN TWO AND THREE DI-MEN-
 []

[9] [10]
Overfull \hbox (17.5502pt too wide) in paragraph at lines 447--449
[]\OT1/cmtt/m/n/12 A body at rest remains at rest or, if in motion, remains in 
motion
 []


Overfull \hbox (23.7252pt too wide) in paragraph at lines 457--459
[]\OT1/cmtt/m/n/12 The acceleration of a system is directly proportional to and
 in the
 []


Overfull \hbox (11.3752pt too wide) in paragraph at lines 457--459
\OT1/cmtt/m/n/12 same direction as the net external force acting on the system 
and
 []

[11]
Overfull \hbox (11.3752pt too wide) in paragraph at lines 525--527
[]\OT1/cmtt/m/n/12 Whenever one body exerts a force on a second body, the first
 body
 []


Overfull \hbox (54.60022pt too wide) in paragraph at lines 525--527
\OT1/cmtt/m/n/12 experiences a force that is equal in magnitude and opposite in
 direction
 []

[12] [13] [14] [15] [16] [17]
Overfull \hbox (17.17355pt too wide) in paragraph at lines 816--816
[]\OT1/cmr/bx/n/17.28 LINEAR MO-MEN-TUM AND COL-LI-SIONS 
 []

[18]
Underfull \hbox (badness 10000) in paragraph at lines 900--901

 []

[19] [20]
Underfull \hbox (badness 10000) in paragraph at lines 1057--1058

 []

[21] [22] [23] [24] [25]
Underfull \hbox (badness 10000) in paragraph at lines 1279--1280

 []

LaTeX Font Info:    Font shape `OT1/cmtt/bx/n' in size <12> not available
(Font)              Font shape `OT1/cmtt/m/n' tried instead on input line 1310.


Underfull \vbox (badness 5862) has occurred while \output is active []

 [26]
[27] [28] [29] [30] [31] [32]
Underfull \hbox (badness 10000) in paragraph at lines 1722--1723

 []


Underfull \hbox (badness 10000) in paragraph at lines 1724--1725

 []

[33]
Underfull \vbox (badness 10000) has occurred while \output is active []

 [34]
Overfull \vbox (8.56783pt too high) has occurred while \output is active []


[35]
Overfull \hbox (68.08609pt too wide) in paragraph at lines 1940--1941
 [] 
 []

[36]
Underfull \vbox (badness 10000) has occurred while \output is active []

 [37]
Overfull \vbox (10.36781pt too high) has occurred while \output is active []


[38] [39]
Overfull \hbox (6.70627pt too wide) in paragraph at lines 2014--2015
 [] 
 []


Underfull \vbox (badness 10000) has occurred while \output is active []

 [40]
[41] [42] [43] [44] [45] [46] [47] [48] [49] [50] [51] [52] [53] [54] [55]
(MPABasicsPlusEquations.aux) ) 
Here is how much of TeX's memory you used:
 16128 strings out of 481556
 360664 string characters out of 2914337
 559702 words of memory out of 3000000
 31116 multiletter control sequences out of 15000+200000
 544849 words of font info for 70 fonts, out of 3000000 for 9000
 1141 hyphenation exceptions out of 8191
 60i,14n,69p,716b,780s stack positions out of 5000i,500n,10000p,200000b,50000s
 <C:\Users\dmg2\AppData\Local\MiKTeX\2.9\fonts/pk
/ljfour/jknappen/ec/dpi600\tcrm0700.pk> <C:\Users\dmg2\AppData\Local\MiKTeX\2.9
\fonts/pk/ljfour/jknappen/ec/dpi600\tcrm1000.pk><C:/Users/dmg2/AppData/Local/Pr
ograms/MiKTeX 2.9/fonts/type1/public/amsfonts/cm/cmbx12.pfb><C:/Users/dmg2/AppD
ata/Local/Programs/MiKTeX 2.9/fonts/type1/public/amsfonts/cm/cmbxti10.pfb><C:/U
sers/dmg2/AppData/Local/Programs/MiKTeX 2.9/fonts/type1/public/amsfonts/cm/cmex
10.pfb><C:/Users/dmg2/AppData/Local/Programs/MiKTeX 2.9/fonts/type1/public/amsf
onts/cm/cmmi12.pfb><C:/Users/dmg2/AppData/Local/Programs/MiKTeX 2.9/fonts/type1
/public/amsfonts/cm/cmmi6.pfb><C:/Users/dmg2/AppData/Local/Programs/MiKTeX 2.9/
fonts/type1/public/amsfonts/cm/cmmi8.pfb><C:/Users/dmg2/AppData/Local/Programs/
MiKTeX 2.9/fonts/type1/public/amsfonts/cm/cmr10.pfb><C:/Users/dmg2/AppData/Loca
l/Programs/MiKTeX 2.9/fonts/type1/public/amsfonts/cm/cmr12.pfb><C:/Users/dmg2/A
ppData/Local/Programs/MiKTeX 2.9/fonts/type1/public/amsfonts/cm/cmr17.pfb><C:/U
sers/dmg2/AppData/Local/Programs/MiKTeX 2.9/fonts/type1/public/amsfonts/cm/cmr8
.pfb><C:/Users/dmg2/AppData/Local/Programs/MiKTeX 2.9/fonts/type1/public/amsfon
ts/cm/cmsy10.pfb><C:/Users/dmg2/AppData/Local/Programs/MiKTeX 2.9/fonts/type1/p
ublic/amsfonts/cm/cmsy8.pfb><C:/Users/dmg2/AppData/Local/Programs/MiKTeX 2.9/fo
nts/type1/public/amsfonts/cm/cmti12.pfb><C:/Users/dmg2/AppData/Local/Programs/M
iKTeX 2.9/fonts/type1/public/amsfonts/cm/cmtt12.pfb>
Output written on MPABasicsPlusEquations.pdf (55 pages, 295877 bytes).
PDF statistics:
 260 PDF objects out of 1000 (max. 8388607)
 0 named destinations out of 1000 (max. 500000)
 47 words of extra memory for PDF output out of 10000 (max. 10000000)

